Flutter crash report.
Please report a bug at https://github.com/flutter/flutter/issues.

## command

flutter run -d chrome

## exception

ExistingDartDevelopmentServiceException: DartDevelopmentServiceException: JSON-RPC error 100: Existing VM service clients prevent DDS from taking control.

```
```

## flutter doctor

```
[32m[✓][39m Flutter (Channel stable, 3.32.7, on Microsoft Windows [Version 10.0.19045.5487], locale en-PK) [1,171ms]
    [32m•[39m Flutter version 3.32.7 on channel stable at C:\flutter_windows_3.32.7-stable\flutter
    [32m•[39m Upstream repository https://github.com/flutter/flutter.git
    [32m•[39m Framework revision d7b523b356 (9 days ago), 2025-07-15 17:03:46 -0700
    [32m•[39m Engine revision 39d6d6e699
    [32m•[39m Dart version 3.8.1
    [32m•[39m DevTools version 2.45.1

[32m[✓][39m Windows Version (10 Pro 64-bit, 22H2, 2009) [20.3s]

[33m[!][39m Android toolchain - develop for Android devices (Android SDK version 36.0.0) [102ms]
    [32m•[39m Android SDK at C:\Users\RAYYAN\AppData\Local\Android\sdk
    [32m•[39m Platform android-36, build-tools 36.0.0
    [31m✗[39m No Java Development Kit (JDK) found; You must have the environment variable JAVA_HOME set and the java binary in your PATH. You can download the JDK from
      https://www.oracle.com/technetwork/java/javase/downloads/.

[32m[✓][39m Chrome - develop for the web [36ms]
    [32m•[39m Chrome at C:\Program Files\Google\Chrome\Application\chrome.exe

[31m[✗][39m Visual Studio - develop Windows apps [33ms]
    [31m✗[39m Visual Studio not installed; this is necessary to develop Windows apps.
      Download at https://visualstudio.microsoft.com/downloads/.
      Please install the "Desktop development with C++" workload, including all of its default components

[33m[!][39m Android Studio (not installed) [24ms]
    [32m•[39m Android Studio not found; download from https://developer.android.com/studio/index.html
      (or visit https://flutter.dev/to/windows-android-setup for detailed instructions).

[32m[✓][39m VS Code (version 1.102.2) [24ms]
    [32m•[39m VS Code at C:\Users\RAYYAN\AppData\Local\Programs\Microsoft VS Code
    [32m•[39m Flutter extension version 3.114.0

[32m[✓][39m Connected device (3 available) [498ms]
    [32m•[39m Windows (desktop) • windows • windows-x64    • Microsoft Windows [Version 10.0.19045.5487]
    [32m•[39m Chrome (web)      • chrome  • web-javascript • Google Chrome 138.0.7204.158
    [32m•[39m Edge (web)        • edge    • web-javascript • Microsoft Edge 136.0.3240.92

[32m[✓][39m Network resources [879ms]
    [32m•[39m All expected network resources are available.

[33m![39m Doctor found issues in 3 categories.
```
